Traceback (most recent call last):
  File "/Users/fra/.pyenv/versions/3.12.7/lib/python3.12/site-packages/jupyter_cache/executors/utils.py", line 58, in single_nb_execution
    executenb(
  File "/Users/fra/.pyenv/versions/3.12.7/lib/python3.12/site-packages/nbclient/client.py", line 1314, in execute
    return NotebookClient(nb=nb, resources=resources, km=km, **kwargs).execute()
           ^^^^^^^^^^^^^^^^^^^^^^^^^^^^^^^^^^^^^^^^^^^^^^^^^^^^^^^^^^^^^^^^^^^^^
  File "/Users/fra/.pyenv/versions/3.12.7/lib/python3.12/site-packages/jupyter_core/utils/__init__.py", line 165, in wrapped
    return loop.run_until_complete(inner)
           ^^^^^^^^^^^^^^^^^^^^^^^^^^^^^^
  File "/Users/fra/.pyenv/versions/3.12.7/lib/python3.12/asyncio/base_events.py", line 687, in run_until_complete
    return future.result()
           ^^^^^^^^^^^^^^^
  File "/Users/fra/.pyenv/versions/3.12.7/lib/python3.12/site-packages/nbclient/client.py", line 709, in async_execute
    await self.async_execute_cell(
  File "/Users/fra/.pyenv/versions/3.12.7/lib/python3.12/site-packages/nbclient/client.py", line 1062, in async_execute_cell
    await self._check_raise_for_error(cell, cell_index, exec_reply)
  File "/Users/fra/.pyenv/versions/3.12.7/lib/python3.12/site-packages/nbclient/client.py", line 918, in _check_raise_for_error
    raise CellExecutionError.from_cell_and_msg(cell, exec_reply_content)
nbclient.exceptions.CellExecutionError: An error occurred while executing the following cell:
------------------
def find_files(start_path: str, extensions: List[str] = AUDIO_EXTENSIONS) -> List[str]:
    """Find all audio files in a directory recursively."""
    extensions = [ext.lower() if ext.startswith(".") else f".{ext.lower()}" for ext in extensions]
    matched_files = []
    for root, _, files in os.walk(start_path):
        for file in files:
            if any(file.lower().endswith(ext) for ext in extensions):
                matched_files.append(os.path.join(root, file))
    return sorted(matched_files)
------------------


[0;31m---------------------------------------------------------------------------[0m
[0;31mNameError[0m                                 Traceback (most recent call last)
Cell [0;32mIn[2], line 1[0m
[0;32m----> 1[0m [38;5;28;01mdef[39;00m [38;5;21mfind_files[39m(start_path: [38;5;28mstr[39m, extensions: List[[38;5;28mstr[39m] [38;5;241m=[39m [43mAUDIO_EXTENSIONS[49m) [38;5;241m-[39m[38;5;241m>[39m List[[38;5;28mstr[39m]:
[1;32m      2[0m [38;5;250m    [39m[38;5;124;03m"""Find all audio files in a directory recursively."""[39;00m
[1;32m      3[0m     extensions [38;5;241m=[39m [ext[38;5;241m.[39mlower() [38;5;28;01mif[39;00m ext[38;5;241m.[39mstartswith([38;5;124m"[39m[38;5;124m.[39m[38;5;124m"[39m) [38;5;28;01melse[39;00m [38;5;124mf[39m[38;5;124m"[39m[38;5;124m.[39m[38;5;132;01m{[39;00mext[38;5;241m.[39mlower()[38;5;132;01m}[39;00m[38;5;124m"[39m [38;5;28;01mfor[39;00m ext [38;5;129;01min[39;00m extensions]

[0;31mNameError[0m: name 'AUDIO_EXTENSIONS' is not defined

